{"/Users/joshlevy/Desktop/regexbuddy/bin/index.mjs": {"path":"/Users/joshlevy/Desktop/regexbuddy/bin/index.mjs","all":false,"statementMap":{"0":{"start":{"line":1,"column":0},"end":{"line":1,"column":54}},"1":{"start":{"line":2,"column":0},"end":{"line":2,"column":101}},"2":{"start":{"line":3,"column":0},"end":{"line":3,"column":0}},"3":{"start":{"line":4,"column":0},"end":{"line":4,"column":35}},"4":{"start":{"line":5,"column":0},"end":{"line":5,"column":9}},"5":{"start":{"line":6,"column":0},"end":{"line":6,"column":15}},"6":{"start":{"line":7,"column":0},"end":{"line":7,"column":36}},"7":{"start":{"line":8,"column":0},"end":{"line":8,"column":2}},"8":{"start":{"line":9,"column":0},"end":{"line":9,"column":1}},"9":{"start":{"line":10,"column":0},"end":{"line":10,"column":0}},"10":{"start":{"line":11,"column":0},"end":{"line":11,"column":50}},"11":{"start":{"line":12,"column":0},"end":{"line":12,"column":24}},"12":{"start":{"line":13,"column":0},"end":{"line":13,"column":20}},"13":{"start":{"line":14,"column":0},"end":{"line":14,"column":88}},"14":{"start":{"line":15,"column":0},"end":{"line":15,"column":153}},"15":{"start":{"line":16,"column":0},"end":{"line":16,"column":109}},"16":{"start":{"line":17,"column":0},"end":{"line":17,"column":49}},"17":{"start":{"line":18,"column":0},"end":{"line":18,"column":66}},"18":{"start":{"line":19,"column":0},"end":{"line":19,"column":9}},"19":{"start":{"line":20,"column":0},"end":{"line":20,"column":59}},"20":{"start":{"line":21,"column":0},"end":{"line":21,"column":63}},"21":{"start":{"line":22,"column":0},"end":{"line":22,"column":65}},"22":{"start":{"line":23,"column":0},"end":{"line":23,"column":28}},"23":{"start":{"line":24,"column":0},"end":{"line":24,"column":147}},"24":{"start":{"line":25,"column":0},"end":{"line":25,"column":34}},"25":{"start":{"line":26,"column":0},"end":{"line":26,"column":23}},"26":{"start":{"line":27,"column":0},"end":{"line":27,"column":12}},"27":{"start":{"line":28,"column":0},"end":{"line":28,"column":29}},"28":{"start":{"line":29,"column":0},"end":{"line":29,"column":125}},"29":{"start":{"line":30,"column":0},"end":{"line":30,"column":13}},"30":{"start":{"line":31,"column":0},"end":{"line":31,"column":70}},"31":{"start":{"line":32,"column":0},"end":{"line":32,"column":6}},"32":{"start":{"line":33,"column":0},"end":{"line":33,"column":5}},"33":{"start":{"line":34,"column":0},"end":{"line":34,"column":34}},"34":{"start":{"line":35,"column":0},"end":{"line":35,"column":145}},"35":{"start":{"line":36,"column":0},"end":{"line":36,"column":115}},"36":{"start":{"line":37,"column":0},"end":{"line":37,"column":4}},"37":{"start":{"line":38,"column":0},"end":{"line":38,"column":3}},"38":{"start":{"line":39,"column":0},"end":{"line":39,"column":2}},"39":{"start":{"line":40,"column":0},"end":{"line":40,"column":9}},"40":{"start":{"line":41,"column":0},"end":{"line":41,"column":20}},"41":{"start":{"line":42,"column":0},"end":{"line":42,"column":38}},"42":{"start":{"line":43,"column":0},"end":{"line":43,"column":3}},"43":{"start":{"line":44,"column":0},"end":{"line":44,"column":1}},"44":{"start":{"line":45,"column":0},"end":{"line":45,"column":0}},"45":{"start":{"line":46,"column":0},"end":{"line":46,"column":49}},"46":{"start":{"line":47,"column":0},"end":{"line":47,"column":85}},"47":{"start":{"line":48,"column":0},"end":{"line":48,"column":80}},"48":{"start":{"line":49,"column":0},"end":{"line":49,"column":79}},"49":{"start":{"line":50,"column":0},"end":{"line":50,"column":99}},"50":{"start":{"line":51,"column":0},"end":{"line":51,"column":85}},"51":{"start":{"line":52,"column":0},"end":{"line":52,"column":85}},"52":{"start":{"line":53,"column":0},"end":{"line":53,"column":118}},"53":{"start":{"line":54,"column":0},"end":{"line":54,"column":148}},"54":{"start":{"line":55,"column":0},"end":{"line":55,"column":127}},"55":{"start":{"line":56,"column":0},"end":{"line":56,"column":127}},"56":{"start":{"line":57,"column":0},"end":{"line":57,"column":127}},"57":{"start":{"line":58,"column":0},"end":{"line":58,"column":51}},"58":{"start":{"line":59,"column":0},"end":{"line":59,"column":10}},"59":{"start":{"line":60,"column":0},"end":{"line":60,"column":16}},"60":{"start":{"line":61,"column":0},"end":{"line":61,"column":25}},"61":{"start":{"line":62,"column":0},"end":{"line":62,"column":3}},"62":{"start":{"line":63,"column":0},"end":{"line":63,"column":9}},"63":{"start":{"line":64,"column":0},"end":{"line":64,"column":10}},"64":{"start":{"line":65,"column":0},"end":{"line":65,"column":15}},"65":{"start":{"line":66,"column":0},"end":{"line":66,"column":15}},"66":{"start":{"line":67,"column":0},"end":{"line":67,"column":3}},"67":{"start":{"line":68,"column":0},"end":{"line":68,"column":2}},"68":{"start":{"line":69,"column":0},"end":{"line":69,"column":1}},"69":{"start":{"line":70,"column":0},"end":{"line":70,"column":0}},"70":{"start":{"line":71,"column":0},"end":{"line":71,"column":93}},"71":{"start":{"line":72,"column":0},"end":{"line":72,"column":0}},"72":{"start":{"line":73,"column":0},"end":{"line":73,"column":63}},"73":{"start":{"line":74,"column":0},"end":{"line":74,"column":17}},"74":{"start":{"line":75,"column":0},"end":{"line":75,"column":19}},"75":{"start":{"line":76,"column":0},"end":{"line":76,"column":16}},"76":{"start":{"line":77,"column":0},"end":{"line":77,"column":99}},"77":{"start":{"line":78,"column":0},"end":{"line":78,"column":45}},"78":{"start":{"line":79,"column":0},"end":{"line":79,"column":99}},"79":{"start":{"line":80,"column":0},"end":{"line":80,"column":97}},"80":{"start":{"line":81,"column":0},"end":{"line":81,"column":12}},"81":{"start":{"line":82,"column":0},"end":{"line":82,"column":20}},"82":{"start":{"line":83,"column":0},"end":{"line":83,"column":32}},"83":{"start":{"line":84,"column":0},"end":{"line":84,"column":26}},"84":{"start":{"line":85,"column":0},"end":{"line":85,"column":34}},"85":{"start":{"line":86,"column":0},"end":{"line":86,"column":45}},"86":{"start":{"line":87,"column":0},"end":{"line":87,"column":38}},"87":{"start":{"line":88,"column":0},"end":{"line":88,"column":3}},"88":{"start":{"line":89,"column":0},"end":{"line":89,"column":9}},"89":{"start":{"line":90,"column":0},"end":{"line":90,"column":96}},"90":{"start":{"line":91,"column":0},"end":{"line":91,"column":37}},"91":{"start":{"line":92,"column":0},"end":{"line":92,"column":93}},"92":{"start":{"line":93,"column":0},"end":{"line":93,"column":36}},"93":{"start":{"line":94,"column":0},"end":{"line":94,"column":12}},"94":{"start":{"line":95,"column":0},"end":{"line":95,"column":20}},"95":{"start":{"line":96,"column":0},"end":{"line":96,"column":37}},"96":{"start":{"line":97,"column":0},"end":{"line":97,"column":31}},"97":{"start":{"line":98,"column":0},"end":{"line":98,"column":34}},"98":{"start":{"line":99,"column":0},"end":{"line":99,"column":29}},"99":{"start":{"line":100,"column":0},"end":{"line":100,"column":27}},"100":{"start":{"line":101,"column":0},"end":{"line":101,"column":3}},"101":{"start":{"line":102,"column":0},"end":{"line":102,"column":2}},"102":{"start":{"line":103,"column":0},"end":{"line":103,"column":15}},"103":{"start":{"line":104,"column":0},"end":{"line":104,"column":1}},"104":{"start":{"line":105,"column":0},"end":{"line":105,"column":0}},"105":{"start":{"line":106,"column":0},"end":{"line":106,"column":155}},"106":{"start":{"line":107,"column":0},"end":{"line":107,"column":0}},"107":{"start":{"line":108,"column":0},"end":{"line":108,"column":106}},"108":{"start":{"line":109,"column":0},"end":{"line":109,"column":0}},"109":{"start":{"line":110,"column":0},"end":{"line":110,"column":106}},"110":{"start":{"line":111,"column":0},"end":{"line":111,"column":0}},"111":{"start":{"line":112,"column":0},"end":{"line":112,"column":126}},"112":{"start":{"line":113,"column":0},"end":{"line":113,"column":0}},"113":{"start":{"line":114,"column":0},"end":{"line":114,"column":54}},"114":{"start":{"line":115,"column":0},"end":{"line":115,"column":0}},"115":{"start":{"line":116,"column":0},"end":{"line":116,"column":40}},"116":{"start":{"line":117,"column":0},"end":{"line":117,"column":9}},"117":{"start":{"line":118,"column":0},"end":{"line":118,"column":26}},"118":{"start":{"line":119,"column":0},"end":{"line":119,"column":43}},"119":{"start":{"line":120,"column":0},"end":{"line":120,"column":17}},"120":{"start":{"line":121,"column":0},"end":{"line":121,"column":11}},"121":{"start":{"line":122,"column":0},"end":{"line":122,"column":118}},"122":{"start":{"line":123,"column":0},"end":{"line":123,"column":122}},"123":{"start":{"line":124,"column":0},"end":{"line":124,"column":4}},"124":{"start":{"line":125,"column":0},"end":{"line":125,"column":47}},"125":{"start":{"line":126,"column":0},"end":{"line":126,"column":53}},"126":{"start":{"line":127,"column":0},"end":{"line":127,"column":3}},"127":{"start":{"line":128,"column":0},"end":{"line":128,"column":3}},"128":{"start":{"line":129,"column":0},"end":{"line":129,"column":1}},"129":{"start":{"line":130,"column":0},"end":{"line":130,"column":0}},"130":{"start":{"line":131,"column":0},"end":{"line":131,"column":39}},"131":{"start":{"line":132,"column":0},"end":{"line":132,"column":9}},"132":{"start":{"line":133,"column":0},"end":{"line":133,"column":26}},"133":{"start":{"line":134,"column":0},"end":{"line":134,"column":55}},"134":{"start":{"line":135,"column":0},"end":{"line":135,"column":50}},"135":{"start":{"line":136,"column":0},"end":{"line":136,"column":52}},"136":{"start":{"line":137,"column":0},"end":{"line":137,"column":4}},"137":{"start":{"line":138,"column":0},"end":{"line":138,"column":27}},"138":{"start":{"line":139,"column":0},"end":{"line":139,"column":45}},"139":{"start":{"line":140,"column":0},"end":{"line":140,"column":3}},"140":{"start":{"line":141,"column":0},"end":{"line":141,"column":3}},"141":{"start":{"line":142,"column":0},"end":{"line":142,"column":1}},"142":{"start":{"line":143,"column":0},"end":{"line":143,"column":0}},"143":{"start":{"line":144,"column":0},"end":{"line":144,"column":41}},"144":{"start":{"line":145,"column":0},"end":{"line":145,"column":91}},"145":{"start":{"line":146,"column":0},"end":{"line":146,"column":25}},"146":{"start":{"line":147,"column":0},"end":{"line":147,"column":10}},"147":{"start":{"line":148,"column":0},"end":{"line":148,"column":21}},"148":{"start":{"line":149,"column":0},"end":{"line":149,"column":29}},"149":{"start":{"line":150,"column":0},"end":{"line":150,"column":29}},"150":{"start":{"line":151,"column":0},"end":{"line":151,"column":31}},"151":{"start":{"line":152,"column":0},"end":{"line":152,"column":29}},"152":{"start":{"line":153,"column":0},"end":{"line":153,"column":24}},"153":{"start":{"line":154,"column":0},"end":{"line":154,"column":3}},"154":{"start":{"line":155,"column":0},"end":{"line":155,"column":32}},"155":{"start":{"line":156,"column":0},"end":{"line":156,"column":66}},"156":{"start":{"line":157,"column":0},"end":{"line":157,"column":53}},"157":{"start":{"line":158,"column":0},"end":{"line":158,"column":159}},"158":{"start":{"line":159,"column":0},"end":{"line":159,"column":58}},"159":{"start":{"line":160,"column":0},"end":{"line":160,"column":58}},"160":{"start":{"line":161,"column":0},"end":{"line":161,"column":60}},"161":{"start":{"line":162,"column":0},"end":{"line":162,"column":58}},"162":{"start":{"line":163,"column":0},"end":{"line":163,"column":54}},"163":{"start":{"line":164,"column":0},"end":{"line":164,"column":2}},"164":{"start":{"line":165,"column":0},"end":{"line":165,"column":1}},"165":{"start":{"line":166,"column":0},"end":{"line":166,"column":0}},"166":{"start":{"line":167,"column":0},"end":{"line":167,"column":37}},"167":{"start":{"line":168,"column":0},"end":{"line":168,"column":57}},"168":{"start":{"line":169,"column":0},"end":{"line":169,"column":161}},"169":{"start":{"line":170,"column":0},"end":{"line":170,"column":9}},"170":{"start":{"line":171,"column":0},"end":{"line":171,"column":32}},"171":{"start":{"line":172,"column":0},"end":{"line":172,"column":26}},"172":{"start":{"line":173,"column":0},"end":{"line":173,"column":20}},"173":{"start":{"line":174,"column":0},"end":{"line":174,"column":33}},"174":{"start":{"line":175,"column":0},"end":{"line":175,"column":21}},"175":{"start":{"line":176,"column":0},"end":{"line":176,"column":45}},"176":{"start":{"line":177,"column":0},"end":{"line":177,"column":26}},"177":{"start":{"line":178,"column":0},"end":{"line":178,"column":6}},"178":{"start":{"line":179,"column":0},"end":{"line":179,"column":45}},"179":{"start":{"line":180,"column":0},"end":{"line":180,"column":20}},"180":{"start":{"line":181,"column":0},"end":{"line":181,"column":6}},"181":{"start":{"line":182,"column":0},"end":{"line":182,"column":6}},"182":{"start":{"line":183,"column":0},"end":{"line":183,"column":4}},"183":{"start":{"line":184,"column":0},"end":{"line":184,"column":47}},"184":{"start":{"line":185,"column":0},"end":{"line":185,"column":66}},"185":{"start":{"line":186,"column":0},"end":{"line":186,"column":3}},"186":{"start":{"line":187,"column":0},"end":{"line":187,"column":2}},"187":{"start":{"line":188,"column":0},"end":{"line":188,"column":1}}},"s":{"0":2,"1":2,"2":2,"3":2,"4":2,"5":2,"6":2,"7":2,"8":2,"9":2,"10":2,"11":10,"12":10,"13":10,"14":10,"15":10,"16":10,"17":5,"18":5,"19":5,"20":5,"21":5,"22":5,"23":3,"24":3,"25":1,"26":3,"27":2,"28":1,"29":1,"30":1,"31":1,"32":2,"33":5,"34":2,"35":2,"36":2,"37":5,"38":5,"39":10,"40":10,"41":10,"42":10,"43":10,"44":2,"45":2,"46":0,"47":0,"48":0,"49":0,"50":0,"51":0,"52":0,"53":0,"54":0,"55":0,"56":0,"57":0,"58":0,"59":0,"60":0,"61":0,"62":0,"63":0,"64":0,"65":0,"66":0,"67":0,"68":0,"69":2,"70":2,"71":2,"72":2,"73":0,"74":0,"75":0,"76":0,"77":0,"78":0,"79":0,"80":0,"81":0,"82":0,"83":0,"84":0,"85":0,"86":0,"87":0,"88":0,"89":0,"90":0,"91":0,"92":0,"93":0,"94":0,"95":0,"96":0,"97":0,"98":0,"99":0,"100":0,"101":0,"102":0,"103":0,"104":2,"105":2,"106":2,"107":2,"108":2,"109":2,"110":2,"111":2,"112":2,"113":2,"114":2,"115":2,"116":10,"117":10,"118":10,"119":1,"120":10,"121":9,"122":9,"123":9,"124":10,"125":10,"126":10,"127":10,"128":10,"129":2,"130":2,"131":0,"132":0,"133":0,"134":0,"135":0,"136":0,"137":0,"138":0,"139":0,"140":0,"141":0,"142":2,"143":2,"144":8,"145":8,"146":1,"147":1,"148":1,"149":1,"150":1,"151":1,"152":1,"153":1,"154":8,"155":6,"156":6,"157":6,"158":6,"159":6,"160":6,"161":6,"162":1,"163":6,"164":8,"165":2,"166":2,"167":0,"168":0,"169":0,"170":0,"171":0,"172":0,"173":0,"174":0,"175":0,"176":0,"177":0,"178":0,"179":0,"180":0,"181":0,"182":0,"183":0,"184":0,"185":0,"186":0,"187":0},"branchMap":{"0":{"type":"branch","line":1,"loc":{"start":{"line":1,"column":0},"end":{"line":188,"column":1}},"locations":[{"start":{"line":1,"column":0},"end":{"line":188,"column":1}}]},"1":{"type":"branch","line":4,"loc":{"start":{"line":4,"column":20},"end":{"line":9,"column":1}},"locations":[{"start":{"line":4,"column":20},"end":{"line":9,"column":1}}]},"2":{"type":"branch","line":11,"loc":{"start":{"line":11,"column":22},"end":{"line":44,"column":1}},"locations":[{"start":{"line":11,"column":22},"end":{"line":44,"column":1}}]},"3":{"type":"branch","line":14,"loc":{"start":{"line":14,"column":19},"end":{"line":14,"column":48}},"locations":[{"start":{"line":14,"column":19},"end":{"line":14,"column":48}}]},"4":{"type":"branch","line":14,"loc":{"start":{"line":14,"column":50},"end":{"line":14,"column":88}},"locations":[{"start":{"line":14,"column":50},"end":{"line":14,"column":88}}]},"5":{"type":"branch","line":15,"loc":{"start":{"line":15,"column":17},"end":{"line":15,"column":30}},"locations":[{"start":{"line":15,"column":17},"end":{"line":15,"column":30}}]},"6":{"type":"branch","line":15,"loc":{"start":{"line":15,"column":50},"end":{"line":15,"column":153}},"locations":[{"start":{"line":15,"column":50},"end":{"line":15,"column":153}}]},"7":{"type":"branch","line":15,"loc":{"start":{"line":15,"column":132},"end":{"line":15,"column":145}},"locations":[{"start":{"line":15,"column":132},"end":{"line":15,"column":145}}]},"8":{"type":"branch","line":16,"loc":{"start":{"line":16,"column":58},"end":{"line":16,"column":109}},"locations":[{"start":{"line":16,"column":58},"end":{"line":16,"column":109}}]},"9":{"type":"branch","line":17,"loc":{"start":{"line":17,"column":24},"end":{"line":17,"column":46}},"locations":[{"start":{"line":17,"column":24},"end":{"line":17,"column":46}}]},"10":{"type":"branch","line":17,"loc":{"start":{"line":17,"column":48},"end":{"line":39,"column":2}},"locations":[{"start":{"line":17,"column":48},"end":{"line":39,"column":2}}]},"11":{"type":"branch","line":21,"loc":{"start":{"line":21,"column":42},"end":{"line":21,"column":48}},"locations":[{"start":{"line":21,"column":42},"end":{"line":21,"column":48}}]},"12":{"type":"branch","line":21,"loc":{"start":{"line":21,"column":55},"end":{"line":21,"column":62}},"locations":[{"start":{"line":21,"column":55},"end":{"line":21,"column":62}}]},"13":{"type":"branch","line":22,"loc":{"start":{"line":22,"column":44},"end":{"line":22,"column":50}},"locations":[{"start":{"line":22,"column":44},"end":{"line":22,"column":50}}]},"14":{"type":"branch","line":22,"loc":{"start":{"line":22,"column":57},"end":{"line":22,"column":64}},"locations":[{"start":{"line":22,"column":57},"end":{"line":22,"column":64}}]},"15":{"type":"branch","line":23,"loc":{"start":{"line":23,"column":27},"end":{"line":34,"column":4}},"locations":[{"start":{"line":23,"column":27},"end":{"line":34,"column":4}}]},"16":{"type":"branch","line":25,"loc":{"start":{"line":25,"column":33},"end":{"line":27,"column":5}},"locations":[{"start":{"line":25,"column":33},"end":{"line":27,"column":5}}]},"17":{"type":"branch","line":27,"loc":{"start":{"line":27,"column":5},"end":{"line":33,"column":5}},"locations":[{"start":{"line":27,"column":5},"end":{"line":33,"column":5}}]},"18":{"type":"branch","line":28,"loc":{"start":{"line":28,"column":28},"end":{"line":32,"column":6}},"locations":[{"start":{"line":28,"column":28},"end":{"line":32,"column":6}}]},"19":{"type":"branch","line":34,"loc":{"start":{"line":34,"column":4},"end":{"line":37,"column":4}},"locations":[{"start":{"line":34,"column":4},"end":{"line":37,"column":4}}]},"20":{"type":"branch","line":36,"loc":{"start":{"line":36,"column":26},"end":{"line":36,"column":45}},"locations":[{"start":{"line":36,"column":26},"end":{"line":36,"column":45}}]},"21":{"type":"branch","line":36,"loc":{"start":{"line":36,"column":46},"end":{"line":36,"column":114}},"locations":[{"start":{"line":36,"column":46},"end":{"line":36,"column":114}}]},"22":{"type":"branch","line":42,"loc":{"start":{"line":42,"column":22},"end":{"line":42,"column":28}},"locations":[{"start":{"line":42,"column":22},"end":{"line":42,"column":28}}]},"23":{"type":"branch","line":42,"loc":{"start":{"line":42,"column":29},"end":{"line":42,"column":38}},"locations":[{"start":{"line":42,"column":29},"end":{"line":42,"column":38}}]},"24":{"type":"branch","line":24,"loc":{"start":{"line":24,"column":46},"end":{"line":24,"column":111}},"locations":[{"start":{"line":24,"column":46},"end":{"line":24,"column":111}}]},"25":{"type":"branch","line":24,"loc":{"start":{"line":24,"column":120},"end":{"line":24,"column":145}},"locations":[{"start":{"line":24,"column":120},"end":{"line":24,"column":145}}]},"26":{"type":"branch","line":35,"loc":{"start":{"line":35,"column":45},"end":{"line":35,"column":109}},"locations":[{"start":{"line":35,"column":45},"end":{"line":35,"column":109}}]},"27":{"type":"branch","line":35,"loc":{"start":{"line":35,"column":118},"end":{"line":35,"column":143}},"locations":[{"start":{"line":35,"column":118},"end":{"line":35,"column":143}}]},"28":{"type":"branch","line":106,"loc":{"start":{"line":106,"column":18},"end":{"line":106,"column":154}},"locations":[{"start":{"line":106,"column":18},"end":{"line":106,"column":154}}]},"29":{"type":"branch","line":106,"loc":{"start":{"line":106,"column":64},"end":{"line":106,"column":133}},"locations":[{"start":{"line":106,"column":64},"end":{"line":106,"column":133}}]},"30":{"type":"branch","line":106,"loc":{"start":{"line":106,"column":92},"end":{"line":106,"column":112}},"locations":[{"start":{"line":106,"column":92},"end":{"line":106,"column":112}}]},"31":{"type":"branch","line":106,"loc":{"start":{"line":106,"column":113},"end":{"line":106,"column":133}},"locations":[{"start":{"line":106,"column":113},"end":{"line":106,"column":133}}]},"32":{"type":"branch","line":108,"loc":{"start":{"line":108,"column":18},"end":{"line":108,"column":105}},"locations":[{"start":{"line":108,"column":18},"end":{"line":108,"column":105}}]},"33":{"type":"branch","line":108,"loc":{"start":{"line":108,"column":66},"end":{"line":108,"column":94}},"locations":[{"start":{"line":108,"column":66},"end":{"line":108,"column":94}}]},"34":{"type":"branch","line":110,"loc":{"start":{"line":110,"column":18},"end":{"line":110,"column":105}},"locations":[{"start":{"line":110,"column":18},"end":{"line":110,"column":105}}]},"35":{"type":"branch","line":110,"loc":{"start":{"line":110,"column":66},"end":{"line":110,"column":94}},"locations":[{"start":{"line":110,"column":66},"end":{"line":110,"column":94}}]},"36":{"type":"branch","line":112,"loc":{"start":{"line":112,"column":19},"end":{"line":112,"column":125}},"locations":[{"start":{"line":112,"column":19},"end":{"line":112,"column":125}}]},"37":{"type":"branch","line":112,"loc":{"start":{"line":112,"column":66},"end":{"line":112,"column":124}},"locations":[{"start":{"line":112,"column":66},"end":{"line":112,"column":124}}]},"38":{"type":"branch","line":114,"loc":{"start":{"line":114,"column":16},"end":{"line":114,"column":53}},"locations":[{"start":{"line":114,"column":16},"end":{"line":114,"column":53}}]},"39":{"type":"branch","line":116,"loc":{"start":{"line":116,"column":21},"end":{"line":129,"column":1}},"locations":[{"start":{"line":116,"column":21},"end":{"line":129,"column":1}}]},"40":{"type":"branch","line":118,"loc":{"start":{"line":118,"column":12},"end":{"line":127,"column":3}},"locations":[{"start":{"line":118,"column":12},"end":{"line":127,"column":3}}]},"41":{"type":"branch","line":119,"loc":{"start":{"line":119,"column":16},"end":{"line":119,"column":40}},"locations":[{"start":{"line":119,"column":16},"end":{"line":119,"column":40}}]},"42":{"type":"branch","line":119,"loc":{"start":{"line":119,"column":42},"end":{"line":121,"column":4}},"locations":[{"start":{"line":119,"column":42},"end":{"line":121,"column":4}}]},"43":{"type":"branch","line":121,"loc":{"start":{"line":121,"column":4},"end":{"line":124,"column":4}},"locations":[{"start":{"line":121,"column":4},"end":{"line":124,"column":4}}]},"44":{"type":"branch","line":122,"loc":{"start":{"line":122,"column":26},"end":{"line":122,"column":76}},"locations":[{"start":{"line":122,"column":26},"end":{"line":122,"column":76}}]},"45":{"type":"branch","line":122,"loc":{"start":{"line":122,"column":78},"end":{"line":122,"column":118}},"locations":[{"start":{"line":122,"column":78},"end":{"line":122,"column":118}}]},"46":{"type":"branch","line":123,"loc":{"start":{"line":123,"column":27},"end":{"line":123,"column":78}},"locations":[{"start":{"line":123,"column":27},"end":{"line":123,"column":78}}]},"47":{"type":"branch","line":123,"loc":{"start":{"line":123,"column":80},"end":{"line":123,"column":122}},"locations":[{"start":{"line":123,"column":80},"end":{"line":123,"column":122}}]},"48":{"type":"branch","line":144,"loc":{"start":{"line":144,"column":27},"end":{"line":165,"column":1}},"locations":[{"start":{"line":144,"column":27},"end":{"line":165,"column":1}}]},"49":{"type":"branch","line":145,"loc":{"start":{"line":145,"column":14},"end":{"line":145,"column":38}},"locations":[{"start":{"line":145,"column":14},"end":{"line":145,"column":38}}]},"50":{"type":"branch","line":145,"loc":{"start":{"line":145,"column":40},"end":{"line":145,"column":91}},"locations":[{"start":{"line":145,"column":40},"end":{"line":145,"column":91}}]},"51":{"type":"branch","line":146,"loc":{"start":{"line":146,"column":-1},"end":{"line":146,"column":24}},"locations":[{"start":{"line":146,"column":-1},"end":{"line":146,"column":24}}]},"52":{"type":"branch","line":146,"loc":{"start":{"line":146,"column":24},"end":{"line":155,"column":2}},"locations":[{"start":{"line":146,"column":24},"end":{"line":155,"column":2}}]},"53":{"type":"branch","line":155,"loc":{"start":{"line":155,"column":2},"end":{"line":164,"column":2}},"locations":[{"start":{"line":155,"column":2},"end":{"line":164,"column":2}}]},"54":{"type":"branch","line":158,"loc":{"start":{"line":158,"column":42},"end":{"line":158,"column":159}},"locations":[{"start":{"line":158,"column":42},"end":{"line":158,"column":159}}]},"55":{"type":"branch","line":159,"loc":{"start":{"line":159,"column":-1},"end":{"line":159,"column":32}},"locations":[{"start":{"line":159,"column":-1},"end":{"line":159,"column":32}}]},"56":{"type":"branch","line":159,"loc":{"start":{"line":159,"column":32},"end":{"line":159,"column":58}},"locations":[{"start":{"line":159,"column":32},"end":{"line":159,"column":58}}]},"57":{"type":"branch","line":160,"loc":{"start":{"line":160,"column":-1},"end":{"line":160,"column":32}},"locations":[{"start":{"line":160,"column":-1},"end":{"line":160,"column":32}}]},"58":{"type":"branch","line":160,"loc":{"start":{"line":160,"column":32},"end":{"line":160,"column":58}},"locations":[{"start":{"line":160,"column":32},"end":{"line":160,"column":58}}]},"59":{"type":"branch","line":161,"loc":{"start":{"line":161,"column":-1},"end":{"line":161,"column":33}},"locations":[{"start":{"line":161,"column":-1},"end":{"line":161,"column":33}}]},"60":{"type":"branch","line":161,"loc":{"start":{"line":161,"column":33},"end":{"line":161,"column":60}},"locations":[{"start":{"line":161,"column":33},"end":{"line":161,"column":60}}]},"61":{"type":"branch","line":162,"loc":{"start":{"line":162,"column":-1},"end":{"line":162,"column":32}},"locations":[{"start":{"line":162,"column":-1},"end":{"line":162,"column":32}}]},"62":{"type":"branch","line":162,"loc":{"start":{"line":162,"column":32},"end":{"line":163,"column":54}},"locations":[{"start":{"line":162,"column":32},"end":{"line":163,"column":54}}]}},"b":{"0":[2],"1":[2],"2":[10],"3":[9],"4":[1],"5":[9],"6":[2],"7":[1],"8":[3],"9":[7],"10":[5],"11":[3],"12":[2],"13":[3],"14":[2],"15":[3],"16":[1],"17":[2],"18":[1],"19":[2],"20":[1],"21":[1],"22":[4],"23":[6],"24":[4],"25":[4],"26":[2],"27":[2],"28":[2],"29":[4],"30":[2],"31":[2],"32":[4],"33":[8],"34":[2],"35":[4],"36":[2],"37":[4],"38":[2],"39":[10],"40":[10],"41":[9],"42":[1],"43":[9],"44":[3],"45":[1],"46":[3],"47":[1],"48":[8],"49":[7],"50":[1],"51":[7],"52":[1],"53":[6],"54":[1],"55":[5],"56":[1],"57":[4],"58":[1],"59":[3],"60":[1],"61":[2],"62":[1]},"fnMap":{"0":{"name":"renderError","decl":{"start":{"line":4,"column":20},"end":{"line":9,"column":1}},"loc":{"start":{"line":4,"column":20},"end":{"line":9,"column":1}},"line":4},"1":{"name":"validateEmail","decl":{"start":{"line":11,"column":22},"end":{"line":44,"column":1}},"loc":{"start":{"line":11,"column":22},"end":{"line":44,"column":1}},"line":11},"2":{"name":"validatePassword","decl":{"start":{"line":46,"column":25},"end":{"line":69,"column":1}},"loc":{"start":{"line":46,"column":25},"end":{"line":69,"column":1}},"line":46},"3":{"name":"matchPassword","decl":{"start":{"line":71,"column":22},"end":{"line":71,"column":92}},"loc":{"start":{"line":71,"column":22},"end":{"line":71,"column":92}},"line":71},"4":{"name":"findArrayDupes","decl":{"start":{"line":73,"column":23},"end":{"line":104,"column":1}},"loc":{"start":{"line":73,"column":23},"end":{"line":104,"column":1}},"line":73},"5":{"name":"camelCase","decl":{"start":{"line":106,"column":18},"end":{"line":106,"column":154}},"loc":{"start":{"line":106,"column":18},"end":{"line":106,"column":154}},"line":106},"6":{"name":"snakeCase","decl":{"start":{"line":108,"column":18},"end":{"line":108,"column":105}},"loc":{"start":{"line":108,"column":18},"end":{"line":108,"column":105}},"line":108},"7":{"name":"kebabCase","decl":{"start":{"line":110,"column":18},"end":{"line":110,"column":105}},"loc":{"start":{"line":110,"column":18},"end":{"line":110,"column":105}},"line":110},"8":{"name":"pascalCase","decl":{"start":{"line":112,"column":19},"end":{"line":112,"column":125}},"loc":{"start":{"line":112,"column":19},"end":{"line":112,"column":125}},"line":112},"9":{"name":"sqlCase","decl":{"start":{"line":114,"column":16},"end":{"line":114,"column":53}},"loc":{"start":{"line":114,"column":16},"end":{"line":114,"column":53}},"line":114},"10":{"name":"email","decl":{"start":{"line":116,"column":21},"end":{"line":129,"column":1}},"loc":{"start":{"line":116,"column":21},"end":{"line":129,"column":1}},"line":116},"11":{"name":"validate","decl":{"start":{"line":118,"column":12},"end":{"line":127,"column":3}},"loc":{"start":{"line":118,"column":12},"end":{"line":127,"column":3}},"line":118},"12":{"name":"password","decl":{"start":{"line":131,"column":24},"end":{"line":142,"column":1}},"loc":{"start":{"line":131,"column":24},"end":{"line":142,"column":1}},"line":131},"13":{"name":"convertCase","decl":{"start":{"line":144,"column":27},"end":{"line":165,"column":1}},"loc":{"start":{"line":144,"column":27},"end":{"line":165,"column":1}},"line":144},"14":{"name":"array","decl":{"start":{"line":167,"column":21},"end":{"line":188,"column":1}},"loc":{"start":{"line":167,"column":21},"end":{"line":188,"column":1}},"line":167}},"f":{"0":2,"1":10,"2":0,"3":0,"4":0,"5":2,"6":4,"7":2,"8":2,"9":2,"10":10,"11":10,"12":0,"13":8,"14":0}}
,"/Users/joshlevy/Desktop/regexbuddy/lib/defaultOptions.mjs": {"path":"/Users/joshlevy/Desktop/regexbuddy/lib/defaultOptions.mjs","all":false,"statementMap":{"0":{"start":{"line":1,"column":0},"end":{"line":1,"column":42}},"1":{"start":{"line":2,"column":0},"end":{"line":2,"column":9}},"2":{"start":{"line":3,"column":0},"end":{"line":3,"column":39}},"3":{"start":{"line":4,"column":0},"end":{"line":4,"column":40}},"4":{"start":{"line":5,"column":0},"end":{"line":5,"column":3}},"5":{"start":{"line":6,"column":0},"end":{"line":6,"column":1}},"6":{"start":{"line":7,"column":0},"end":{"line":7,"column":0}},"7":{"start":{"line":8,"column":0},"end":{"line":8,"column":45}},"8":{"start":{"line":9,"column":0},"end":{"line":9,"column":9}},"9":{"start":{"line":10,"column":0},"end":{"line":10,"column":14}},"10":{"start":{"line":11,"column":0},"end":{"line":11,"column":33}},"11":{"start":{"line":12,"column":0},"end":{"line":12,"column":68}},"12":{"start":{"line":13,"column":0},"end":{"line":13,"column":15}},"13":{"start":{"line":14,"column":0},"end":{"line":14,"column":4}},"14":{"start":{"line":15,"column":0},"end":{"line":15,"column":18}},"15":{"start":{"line":16,"column":0},"end":{"line":16,"column":40}},"16":{"start":{"line":17,"column":0},"end":{"line":17,"column":48}},"17":{"start":{"line":18,"column":0},"end":{"line":18,"column":15}},"18":{"start":{"line":19,"column":0},"end":{"line":19,"column":4}},"19":{"start":{"line":20,"column":0},"end":{"line":20,"column":28}},"20":{"start":{"line":21,"column":0},"end":{"line":21,"column":50}},"21":{"start":{"line":22,"column":0},"end":{"line":22,"column":59}},"22":{"start":{"line":23,"column":0},"end":{"line":23,"column":15}},"23":{"start":{"line":24,"column":0},"end":{"line":24,"column":4}},"24":{"start":{"line":25,"column":0},"end":{"line":25,"column":21}},"25":{"start":{"line":26,"column":0},"end":{"line":26,"column":43}},"26":{"start":{"line":27,"column":0},"end":{"line":27,"column":58}},"27":{"start":{"line":28,"column":0},"end":{"line":28,"column":15}},"28":{"start":{"line":29,"column":0},"end":{"line":29,"column":4}},"29":{"start":{"line":30,"column":0},"end":{"line":30,"column":21}},"30":{"start":{"line":31,"column":0},"end":{"line":31,"column":43}},"31":{"start":{"line":32,"column":0},"end":{"line":32,"column":58}},"32":{"start":{"line":33,"column":0},"end":{"line":33,"column":15}},"33":{"start":{"line":34,"column":0},"end":{"line":34,"column":3}},"34":{"start":{"line":35,"column":0},"end":{"line":35,"column":2}},"35":{"start":{"line":36,"column":0},"end":{"line":36,"column":1}},"36":{"start":{"line":37,"column":0},"end":{"line":37,"column":0}},"37":{"start":{"line":38,"column":0},"end":{"line":38,"column":41}},"38":{"start":{"line":39,"column":0},"end":{"line":39,"column":29}},"39":{"start":{"line":40,"column":0},"end":{"line":40,"column":1}},"40":{"start":{"line":41,"column":0},"end":{"line":41,"column":0}},"41":{"start":{"line":42,"column":0},"end":{"line":42,"column":42}},"42":{"start":{"line":43,"column":0},"end":{"line":43,"column":9}},"43":{"start":{"line":44,"column":0},"end":{"line":44,"column":32}},"44":{"start":{"line":45,"column":0},"end":{"line":45,"column":36}},"45":{"start":{"line":46,"column":0},"end":{"line":46,"column":42}},"46":{"start":{"line":47,"column":0},"end":{"line":47,"column":49}},"47":{"start":{"line":48,"column":0},"end":{"line":48,"column":3}},"48":{"start":{"line":49,"column":0},"end":{"line":49,"column":1}}},"s":{"0":2,"1":10,"2":10,"3":10,"4":10,"5":10,"6":2,"7":2,"8":0,"9":0,"10":0,"11":0,"12":0,"13":0,"14":0,"15":0,"16":0,"17":0,"18":0,"19":0,"20":0,"21":0,"22":0,"23":0,"24":0,"25":0,"26":0,"27":0,"28":0,"29":0,"30":0,"31":0,"32":0,"33":0,"34":0,"35":0,"36":2,"37":2,"38":0,"39":0,"40":2,"41":2,"42":0,"43":0,"44":0,"45":0,"46":0,"47":0,"48":0},"branchMap":{"0":{"type":"branch","line":1,"loc":{"start":{"line":1,"column":0},"end":{"line":49,"column":1}},"locations":[{"start":{"line":1,"column":0},"end":{"line":49,"column":1}}]},"1":{"type":"branch","line":1,"loc":{"start":{"line":1,"column":28},"end":{"line":6,"column":1}},"locations":[{"start":{"line":1,"column":28},"end":{"line":6,"column":1}}]},"2":{"type":"branch","line":3,"loc":{"start":{"line":3,"column":31},"end":{"line":3,"column":38}},"locations":[{"start":{"line":3,"column":31},"end":{"line":3,"column":38}}]},"3":{"type":"branch","line":4,"loc":{"start":{"line":4,"column":33},"end":{"line":4,"column":40}},"locations":[{"start":{"line":4,"column":33},"end":{"line":4,"column":40}}]}},"b":{"0":[2],"1":[10],"2":[7],"3":[7]},"fnMap":{"0":{"name":"emailOptions","decl":{"start":{"line":1,"column":28},"end":{"line":6,"column":1}},"loc":{"start":{"line":1,"column":28},"end":{"line":6,"column":1}},"line":1},"1":{"name":"passwordOptions","decl":{"start":{"line":8,"column":31},"end":{"line":36,"column":1}},"loc":{"start":{"line":8,"column":31},"end":{"line":36,"column":1}},"line":8},"2":{"name":"caseOptions","decl":{"start":{"line":38,"column":27},"end":{"line":40,"column":1}},"loc":{"start":{"line":38,"column":27},"end":{"line":40,"column":1}},"line":38},"3":{"name":"arrayOptions","decl":{"start":{"line":42,"column":28},"end":{"line":49,"column":1}},"loc":{"start":{"line":42,"column":28},"end":{"line":49,"column":1}},"line":42}},"f":{"0":10,"1":0,"2":0,"3":0}}
,"/Users/joshlevy/Desktop/regexbuddy/lib/expressions.mjs": {"path":"/Users/joshlevy/Desktop/regexbuddy/lib/expressions.mjs","all":false,"statementMap":{"0":{"start":{"line":1,"column":0},"end":{"line":1,"column":33}},"1":{"start":{"line":2,"column":0},"end":{"line":2,"column":9}},"2":{"start":{"line":3,"column":0},"end":{"line":3,"column":51}},"3":{"start":{"line":4,"column":0},"end":{"line":4,"column":36}},"4":{"start":{"line":5,"column":0},"end":{"line":5,"column":37}},"5":{"start":{"line":6,"column":0},"end":{"line":6,"column":2}},"6":{"start":{"line":7,"column":0},"end":{"line":7,"column":1}},"7":{"start":{"line":8,"column":0},"end":{"line":8,"column":0}},"8":{"start":{"line":9,"column":0},"end":{"line":9,"column":25}},"9":{"start":{"line":10,"column":0},"end":{"line":10,"column":40}},"10":{"start":{"line":11,"column":0},"end":{"line":11,"column":53}},"11":{"start":{"line":12,"column":0},"end":{"line":12,"column":41}},"12":{"start":{"line":13,"column":0},"end":{"line":13,"column":41}},"13":{"start":{"line":14,"column":0},"end":{"line":14,"column":1}},"14":{"start":{"line":15,"column":0},"end":{"line":15,"column":0}},"15":{"start":{"line":16,"column":0},"end":{"line":16,"column":50}},"16":{"start":{"line":17,"column":0},"end":{"line":17,"column":19}},"17":{"start":{"line":18,"column":0},"end":{"line":18,"column":109}},"18":{"start":{"line":19,"column":0},"end":{"line":19,"column":99}},"19":{"start":{"line":20,"column":0},"end":{"line":20,"column":105}},"20":{"start":{"line":21,"column":0},"end":{"line":21,"column":95}},"21":{"start":{"line":22,"column":0},"end":{"line":22,"column":22}},"22":{"start":{"line":23,"column":0},"end":{"line":23,"column":1}},"23":{"start":{"line":24,"column":0},"end":{"line":24,"column":0}},"24":{"start":{"line":25,"column":0},"end":{"line":25,"column":22}},"25":{"start":{"line":26,"column":0},"end":{"line":26,"column":31}},"26":{"start":{"line":27,"column":0},"end":{"line":27,"column":31}},"27":{"start":{"line":28,"column":0},"end":{"line":28,"column":42}},"28":{"start":{"line":29,"column":0},"end":{"line":29,"column":30}},"29":{"start":{"line":30,"column":0},"end":{"line":30,"column":89}},"30":{"start":{"line":31,"column":0},"end":{"line":31,"column":89}},"31":{"start":{"line":32,"column":0},"end":{"line":32,"column":1}}},"s":{"0":2,"1":26,"2":26,"3":26,"4":26,"5":26,"6":26,"7":2,"8":2,"9":2,"10":2,"11":2,"12":2,"13":2,"14":2,"15":2,"16":0,"17":0,"18":0,"19":0,"20":0,"21":0,"22":0,"23":2,"24":2,"25":2,"26":2,"27":2,"28":2,"29":2,"30":2,"31":2},"branchMap":{"0":{"type":"branch","line":1,"loc":{"start":{"line":1,"column":0},"end":{"line":32,"column":1}},"locations":[{"start":{"line":1,"column":0},"end":{"line":32,"column":1}}]},"1":{"type":"branch","line":1,"loc":{"start":{"line":1,"column":21},"end":{"line":7,"column":1}},"locations":[{"start":{"line":1,"column":21},"end":{"line":7,"column":1}}]}},"b":{"0":[2],"1":[26]},"fnMap":{"0":{"name":"email","decl":{"start":{"line":1,"column":21},"end":{"line":7,"column":1}},"loc":{"start":{"line":1,"column":21},"end":{"line":7,"column":1}},"line":1},"1":{"name":"array","decl":{"start":{"line":16,"column":21},"end":{"line":23,"column":1}},"loc":{"start":{"line":16,"column":21},"end":{"line":23,"column":1}},"line":16}},"f":{"0":26,"1":0}}
}
