{"/Users/joshlevy/Desktop/regexbuddy/bin/index.mjs": {"path":"/Users/joshlevy/Desktop/regexbuddy/bin/index.mjs","all":false,"statementMap":{"0":{"start":{"line":1,"column":0},"end":{"line":1,"column":54}},"1":{"start":{"line":2,"column":0},"end":{"line":2,"column":101}},"2":{"start":{"line":3,"column":0},"end":{"line":3,"column":0}},"3":{"start":{"line":4,"column":0},"end":{"line":4,"column":35}},"4":{"start":{"line":5,"column":0},"end":{"line":5,"column":42}},"5":{"start":{"line":6,"column":0},"end":{"line":6,"column":14}},"6":{"start":{"line":7,"column":0},"end":{"line":7,"column":1}},"7":{"start":{"line":8,"column":0},"end":{"line":8,"column":0}},"8":{"start":{"line":9,"column":0},"end":{"line":9,"column":50}},"9":{"start":{"line":10,"column":0},"end":{"line":10,"column":24}},"10":{"start":{"line":11,"column":0},"end":{"line":11,"column":20}},"11":{"start":{"line":12,"column":0},"end":{"line":12,"column":88}},"12":{"start":{"line":13,"column":0},"end":{"line":13,"column":151}},"13":{"start":{"line":14,"column":0},"end":{"line":14,"column":109}},"14":{"start":{"line":15,"column":0},"end":{"line":15,"column":61}},"15":{"start":{"line":16,"column":0},"end":{"line":16,"column":66}},"16":{"start":{"line":17,"column":0},"end":{"line":17,"column":9}},"17":{"start":{"line":18,"column":0},"end":{"line":18,"column":59}},"18":{"start":{"line":19,"column":0},"end":{"line":19,"column":33}},"19":{"start":{"line":20,"column":0},"end":{"line":20,"column":151}},"20":{"start":{"line":21,"column":0},"end":{"line":21,"column":94}},"21":{"start":{"line":22,"column":0},"end":{"line":22,"column":41}},"22":{"start":{"line":23,"column":0},"end":{"line":23,"column":153}},"23":{"start":{"line":24,"column":0},"end":{"line":24,"column":97}},"24":{"start":{"line":25,"column":0},"end":{"line":25,"column":4}},"25":{"start":{"line":26,"column":0},"end":{"line":26,"column":3}},"26":{"start":{"line":27,"column":0},"end":{"line":27,"column":2}},"27":{"start":{"line":28,"column":0},"end":{"line":28,"column":9}},"28":{"start":{"line":29,"column":0},"end":{"line":29,"column":20}},"29":{"start":{"line":30,"column":0},"end":{"line":30,"column":38}},"30":{"start":{"line":31,"column":0},"end":{"line":31,"column":3}},"31":{"start":{"line":32,"column":0},"end":{"line":32,"column":1}},"32":{"start":{"line":33,"column":0},"end":{"line":33,"column":0}},"33":{"start":{"line":34,"column":0},"end":{"line":34,"column":49}},"34":{"start":{"line":35,"column":0},"end":{"line":35,"column":85}},"35":{"start":{"line":36,"column":0},"end":{"line":36,"column":80}},"36":{"start":{"line":37,"column":0},"end":{"line":37,"column":79}},"37":{"start":{"line":38,"column":0},"end":{"line":38,"column":99}},"38":{"start":{"line":39,"column":0},"end":{"line":39,"column":85}},"39":{"start":{"line":40,"column":0},"end":{"line":40,"column":85}},"40":{"start":{"line":41,"column":0},"end":{"line":41,"column":118}},"41":{"start":{"line":42,"column":0},"end":{"line":42,"column":148}},"42":{"start":{"line":43,"column":0},"end":{"line":43,"column":127}},"43":{"start":{"line":44,"column":0},"end":{"line":44,"column":127}},"44":{"start":{"line":45,"column":0},"end":{"line":45,"column":127}},"45":{"start":{"line":46,"column":0},"end":{"line":46,"column":51}},"46":{"start":{"line":47,"column":0},"end":{"line":47,"column":10}},"47":{"start":{"line":48,"column":0},"end":{"line":48,"column":16}},"48":{"start":{"line":49,"column":0},"end":{"line":49,"column":25}},"49":{"start":{"line":50,"column":0},"end":{"line":50,"column":3}},"50":{"start":{"line":51,"column":0},"end":{"line":51,"column":9}},"51":{"start":{"line":52,"column":0},"end":{"line":52,"column":10}},"52":{"start":{"line":53,"column":0},"end":{"line":53,"column":15}},"53":{"start":{"line":54,"column":0},"end":{"line":54,"column":15}},"54":{"start":{"line":55,"column":0},"end":{"line":55,"column":3}},"55":{"start":{"line":56,"column":0},"end":{"line":56,"column":2}},"56":{"start":{"line":57,"column":0},"end":{"line":57,"column":1}},"57":{"start":{"line":58,"column":0},"end":{"line":58,"column":0}},"58":{"start":{"line":59,"column":0},"end":{"line":59,"column":93}},"59":{"start":{"line":60,"column":0},"end":{"line":60,"column":0}},"60":{"start":{"line":61,"column":0},"end":{"line":61,"column":63}},"61":{"start":{"line":62,"column":0},"end":{"line":62,"column":17}},"62":{"start":{"line":63,"column":0},"end":{"line":63,"column":19}},"63":{"start":{"line":64,"column":0},"end":{"line":64,"column":16}},"64":{"start":{"line":65,"column":0},"end":{"line":65,"column":99}},"65":{"start":{"line":66,"column":0},"end":{"line":66,"column":45}},"66":{"start":{"line":67,"column":0},"end":{"line":67,"column":99}},"67":{"start":{"line":68,"column":0},"end":{"line":68,"column":97}},"68":{"start":{"line":69,"column":0},"end":{"line":69,"column":12}},"69":{"start":{"line":70,"column":0},"end":{"line":70,"column":20}},"70":{"start":{"line":71,"column":0},"end":{"line":71,"column":32}},"71":{"start":{"line":72,"column":0},"end":{"line":72,"column":26}},"72":{"start":{"line":73,"column":0},"end":{"line":73,"column":34}},"73":{"start":{"line":74,"column":0},"end":{"line":74,"column":45}},"74":{"start":{"line":75,"column":0},"end":{"line":75,"column":38}},"75":{"start":{"line":76,"column":0},"end":{"line":76,"column":3}},"76":{"start":{"line":77,"column":0},"end":{"line":77,"column":9}},"77":{"start":{"line":78,"column":0},"end":{"line":78,"column":96}},"78":{"start":{"line":79,"column":0},"end":{"line":79,"column":37}},"79":{"start":{"line":80,"column":0},"end":{"line":80,"column":93}},"80":{"start":{"line":81,"column":0},"end":{"line":81,"column":36}},"81":{"start":{"line":82,"column":0},"end":{"line":82,"column":12}},"82":{"start":{"line":83,"column":0},"end":{"line":83,"column":20}},"83":{"start":{"line":84,"column":0},"end":{"line":84,"column":37}},"84":{"start":{"line":85,"column":0},"end":{"line":85,"column":31}},"85":{"start":{"line":86,"column":0},"end":{"line":86,"column":34}},"86":{"start":{"line":87,"column":0},"end":{"line":87,"column":29}},"87":{"start":{"line":88,"column":0},"end":{"line":88,"column":27}},"88":{"start":{"line":89,"column":0},"end":{"line":89,"column":3}},"89":{"start":{"line":90,"column":0},"end":{"line":90,"column":2}},"90":{"start":{"line":91,"column":0},"end":{"line":91,"column":15}},"91":{"start":{"line":92,"column":0},"end":{"line":92,"column":1}},"92":{"start":{"line":93,"column":0},"end":{"line":93,"column":0}},"93":{"start":{"line":94,"column":0},"end":{"line":94,"column":155}},"94":{"start":{"line":95,"column":0},"end":{"line":95,"column":0}},"95":{"start":{"line":96,"column":0},"end":{"line":96,"column":106}},"96":{"start":{"line":97,"column":0},"end":{"line":97,"column":0}},"97":{"start":{"line":98,"column":0},"end":{"line":98,"column":106}},"98":{"start":{"line":99,"column":0},"end":{"line":99,"column":0}},"99":{"start":{"line":100,"column":0},"end":{"line":100,"column":126}},"100":{"start":{"line":101,"column":0},"end":{"line":101,"column":0}},"101":{"start":{"line":102,"column":0},"end":{"line":102,"column":54}},"102":{"start":{"line":103,"column":0},"end":{"line":103,"column":0}},"103":{"start":{"line":104,"column":0},"end":{"line":104,"column":40}},"104":{"start":{"line":105,"column":0},"end":{"line":105,"column":9}},"105":{"start":{"line":106,"column":0},"end":{"line":106,"column":26}},"106":{"start":{"line":107,"column":0},"end":{"line":107,"column":43}},"107":{"start":{"line":108,"column":0},"end":{"line":108,"column":17}},"108":{"start":{"line":109,"column":0},"end":{"line":109,"column":11}},"109":{"start":{"line":110,"column":0},"end":{"line":110,"column":118}},"110":{"start":{"line":111,"column":0},"end":{"line":111,"column":122}},"111":{"start":{"line":112,"column":0},"end":{"line":112,"column":4}},"112":{"start":{"line":113,"column":0},"end":{"line":113,"column":47}},"113":{"start":{"line":114,"column":0},"end":{"line":114,"column":53}},"114":{"start":{"line":115,"column":0},"end":{"line":115,"column":3}},"115":{"start":{"line":116,"column":0},"end":{"line":116,"column":3}},"116":{"start":{"line":117,"column":0},"end":{"line":117,"column":1}},"117":{"start":{"line":118,"column":0},"end":{"line":118,"column":0}},"118":{"start":{"line":119,"column":0},"end":{"line":119,"column":39}},"119":{"start":{"line":120,"column":0},"end":{"line":120,"column":9}},"120":{"start":{"line":121,"column":0},"end":{"line":121,"column":26}},"121":{"start":{"line":122,"column":0},"end":{"line":122,"column":55}},"122":{"start":{"line":123,"column":0},"end":{"line":123,"column":50}},"123":{"start":{"line":124,"column":0},"end":{"line":124,"column":52}},"124":{"start":{"line":125,"column":0},"end":{"line":125,"column":4}},"125":{"start":{"line":126,"column":0},"end":{"line":126,"column":27}},"126":{"start":{"line":127,"column":0},"end":{"line":127,"column":45}},"127":{"start":{"line":128,"column":0},"end":{"line":128,"column":3}},"128":{"start":{"line":129,"column":0},"end":{"line":129,"column":3}},"129":{"start":{"line":130,"column":0},"end":{"line":130,"column":1}},"130":{"start":{"line":131,"column":0},"end":{"line":131,"column":0}},"131":{"start":{"line":132,"column":0},"end":{"line":132,"column":41}},"132":{"start":{"line":133,"column":0},"end":{"line":133,"column":91}},"133":{"start":{"line":134,"column":0},"end":{"line":134,"column":25}},"134":{"start":{"line":135,"column":0},"end":{"line":135,"column":10}},"135":{"start":{"line":136,"column":0},"end":{"line":136,"column":21}},"136":{"start":{"line":137,"column":0},"end":{"line":137,"column":29}},"137":{"start":{"line":138,"column":0},"end":{"line":138,"column":29}},"138":{"start":{"line":139,"column":0},"end":{"line":139,"column":31}},"139":{"start":{"line":140,"column":0},"end":{"line":140,"column":29}},"140":{"start":{"line":141,"column":0},"end":{"line":141,"column":24}},"141":{"start":{"line":142,"column":0},"end":{"line":142,"column":3}},"142":{"start":{"line":143,"column":0},"end":{"line":143,"column":32}},"143":{"start":{"line":144,"column":0},"end":{"line":144,"column":66}},"144":{"start":{"line":145,"column":0},"end":{"line":145,"column":53}},"145":{"start":{"line":146,"column":0},"end":{"line":146,"column":159}},"146":{"start":{"line":147,"column":0},"end":{"line":147,"column":58}},"147":{"start":{"line":148,"column":0},"end":{"line":148,"column":58}},"148":{"start":{"line":149,"column":0},"end":{"line":149,"column":60}},"149":{"start":{"line":150,"column":0},"end":{"line":150,"column":58}},"150":{"start":{"line":151,"column":0},"end":{"line":151,"column":54}},"151":{"start":{"line":152,"column":0},"end":{"line":152,"column":2}},"152":{"start":{"line":153,"column":0},"end":{"line":153,"column":1}},"153":{"start":{"line":154,"column":0},"end":{"line":154,"column":0}},"154":{"start":{"line":155,"column":0},"end":{"line":155,"column":37}},"155":{"start":{"line":156,"column":0},"end":{"line":156,"column":57}},"156":{"start":{"line":157,"column":0},"end":{"line":157,"column":161}},"157":{"start":{"line":158,"column":0},"end":{"line":158,"column":9}},"158":{"start":{"line":159,"column":0},"end":{"line":159,"column":32}},"159":{"start":{"line":160,"column":0},"end":{"line":160,"column":26}},"160":{"start":{"line":161,"column":0},"end":{"line":161,"column":20}},"161":{"start":{"line":162,"column":0},"end":{"line":162,"column":33}},"162":{"start":{"line":163,"column":0},"end":{"line":163,"column":21}},"163":{"start":{"line":164,"column":0},"end":{"line":164,"column":45}},"164":{"start":{"line":165,"column":0},"end":{"line":165,"column":26}},"165":{"start":{"line":166,"column":0},"end":{"line":166,"column":6}},"166":{"start":{"line":167,"column":0},"end":{"line":167,"column":45}},"167":{"start":{"line":168,"column":0},"end":{"line":168,"column":20}},"168":{"start":{"line":169,"column":0},"end":{"line":169,"column":6}},"169":{"start":{"line":170,"column":0},"end":{"line":170,"column":6}},"170":{"start":{"line":171,"column":0},"end":{"line":171,"column":4}},"171":{"start":{"line":172,"column":0},"end":{"line":172,"column":47}},"172":{"start":{"line":173,"column":0},"end":{"line":173,"column":66}},"173":{"start":{"line":174,"column":0},"end":{"line":174,"column":3}},"174":{"start":{"line":175,"column":0},"end":{"line":175,"column":2}},"175":{"start":{"line":176,"column":0},"end":{"line":176,"column":1}}},"s":{"0":1,"1":1,"2":1,"3":1,"4":2,"5":2,"6":2,"7":1,"8":1,"9":0,"10":0,"11":0,"12":0,"13":0,"14":0,"15":0,"16":0,"17":0,"18":0,"19":0,"20":0,"21":0,"22":0,"23":0,"24":0,"25":0,"26":0,"27":0,"28":0,"29":0,"30":0,"31":0,"32":1,"33":1,"34":0,"35":0,"36":0,"37":0,"38":0,"39":0,"40":0,"41":0,"42":0,"43":0,"44":0,"45":0,"46":0,"47":0,"48":0,"49":0,"50":0,"51":0,"52":0,"53":0,"54":0,"55":0,"56":0,"57":1,"58":1,"59":1,"60":1,"61":0,"62":0,"63":0,"64":0,"65":0,"66":0,"67":0,"68":0,"69":0,"70":0,"71":0,"72":0,"73":0,"74":0,"75":0,"76":0,"77":0,"78":0,"79":0,"80":0,"81":0,"82":0,"83":0,"84":0,"85":0,"86":0,"87":0,"88":0,"89":0,"90":0,"91":0,"92":1,"93":1,"94":1,"95":1,"96":1,"97":1,"98":1,"99":1,"100":1,"101":1,"102":1,"103":1,"104":0,"105":0,"106":0,"107":0,"108":0,"109":0,"110":0,"111":0,"112":0,"113":0,"114":0,"115":0,"116":0,"117":1,"118":1,"119":0,"120":0,"121":0,"122":0,"123":0,"124":0,"125":0,"126":0,"127":0,"128":0,"129":0,"130":1,"131":1,"132":7,"133":7,"134":0,"135":0,"136":0,"137":0,"138":0,"139":0,"140":0,"141":0,"142":7,"143":6,"144":6,"145":6,"146":6,"147":6,"148":6,"149":6,"150":1,"151":6,"152":7,"153":1,"154":1,"155":0,"156":0,"157":0,"158":0,"159":0,"160":0,"161":0,"162":0,"163":0,"164":0,"165":0,"166":0,"167":0,"168":0,"169":0,"170":0,"171":0,"172":0,"173":0,"174":0,"175":0},"branchMap":{"0":{"type":"branch","line":1,"loc":{"start":{"line":1,"column":0},"end":{"line":176,"column":1}},"locations":[{"start":{"line":1,"column":0},"end":{"line":176,"column":1}}]},"1":{"type":"branch","line":4,"loc":{"start":{"line":4,"column":20},"end":{"line":7,"column":1}},"locations":[{"start":{"line":4,"column":20},"end":{"line":7,"column":1}}]},"2":{"type":"branch","line":94,"loc":{"start":{"line":94,"column":18},"end":{"line":94,"column":154}},"locations":[{"start":{"line":94,"column":18},"end":{"line":94,"column":154}}]},"3":{"type":"branch","line":94,"loc":{"start":{"line":94,"column":64},"end":{"line":94,"column":133}},"locations":[{"start":{"line":94,"column":64},"end":{"line":94,"column":133}}]},"4":{"type":"branch","line":94,"loc":{"start":{"line":94,"column":92},"end":{"line":94,"column":112}},"locations":[{"start":{"line":94,"column":92},"end":{"line":94,"column":112}}]},"5":{"type":"branch","line":94,"loc":{"start":{"line":94,"column":113},"end":{"line":94,"column":133}},"locations":[{"start":{"line":94,"column":113},"end":{"line":94,"column":133}}]},"6":{"type":"branch","line":96,"loc":{"start":{"line":96,"column":18},"end":{"line":96,"column":105}},"locations":[{"start":{"line":96,"column":18},"end":{"line":96,"column":105}}]},"7":{"type":"branch","line":96,"loc":{"start":{"line":96,"column":66},"end":{"line":96,"column":94}},"locations":[{"start":{"line":96,"column":66},"end":{"line":96,"column":94}}]},"8":{"type":"branch","line":98,"loc":{"start":{"line":98,"column":18},"end":{"line":98,"column":105}},"locations":[{"start":{"line":98,"column":18},"end":{"line":98,"column":105}}]},"9":{"type":"branch","line":98,"loc":{"start":{"line":98,"column":66},"end":{"line":98,"column":94}},"locations":[{"start":{"line":98,"column":66},"end":{"line":98,"column":94}}]},"10":{"type":"branch","line":100,"loc":{"start":{"line":100,"column":19},"end":{"line":100,"column":125}},"locations":[{"start":{"line":100,"column":19},"end":{"line":100,"column":125}}]},"11":{"type":"branch","line":100,"loc":{"start":{"line":100,"column":66},"end":{"line":100,"column":124}},"locations":[{"start":{"line":100,"column":66},"end":{"line":100,"column":124}}]},"12":{"type":"branch","line":102,"loc":{"start":{"line":102,"column":16},"end":{"line":102,"column":53}},"locations":[{"start":{"line":102,"column":16},"end":{"line":102,"column":53}}]},"13":{"type":"branch","line":132,"loc":{"start":{"line":132,"column":27},"end":{"line":153,"column":1}},"locations":[{"start":{"line":132,"column":27},"end":{"line":153,"column":1}}]},"14":{"type":"branch","line":133,"loc":{"start":{"line":133,"column":14},"end":{"line":133,"column":38}},"locations":[{"start":{"line":133,"column":14},"end":{"line":133,"column":38}}]},"15":{"type":"branch","line":133,"loc":{"start":{"line":133,"column":40},"end":{"line":133,"column":91}},"locations":[{"start":{"line":133,"column":40},"end":{"line":133,"column":91}}]},"16":{"type":"branch","line":134,"loc":{"start":{"line":134,"column":-1},"end":{"line":134,"column":24}},"locations":[{"start":{"line":134,"column":-1},"end":{"line":134,"column":24}}]},"17":{"type":"branch","line":134,"loc":{"start":{"line":134,"column":24},"end":{"line":143,"column":2}},"locations":[{"start":{"line":134,"column":24},"end":{"line":143,"column":2}}]},"18":{"type":"branch","line":143,"loc":{"start":{"line":143,"column":2},"end":{"line":152,"column":2}},"locations":[{"start":{"line":143,"column":2},"end":{"line":152,"column":2}}]},"19":{"type":"branch","line":146,"loc":{"start":{"line":146,"column":42},"end":{"line":146,"column":159}},"locations":[{"start":{"line":146,"column":42},"end":{"line":146,"column":159}}]},"20":{"type":"branch","line":147,"loc":{"start":{"line":147,"column":-1},"end":{"line":147,"column":32}},"locations":[{"start":{"line":147,"column":-1},"end":{"line":147,"column":32}}]},"21":{"type":"branch","line":147,"loc":{"start":{"line":147,"column":32},"end":{"line":147,"column":58}},"locations":[{"start":{"line":147,"column":32},"end":{"line":147,"column":58}}]},"22":{"type":"branch","line":148,"loc":{"start":{"line":148,"column":-1},"end":{"line":148,"column":32}},"locations":[{"start":{"line":148,"column":-1},"end":{"line":148,"column":32}}]},"23":{"type":"branch","line":148,"loc":{"start":{"line":148,"column":32},"end":{"line":148,"column":58}},"locations":[{"start":{"line":148,"column":32},"end":{"line":148,"column":58}}]},"24":{"type":"branch","line":149,"loc":{"start":{"line":149,"column":-1},"end":{"line":149,"column":33}},"locations":[{"start":{"line":149,"column":-1},"end":{"line":149,"column":33}}]},"25":{"type":"branch","line":149,"loc":{"start":{"line":149,"column":33},"end":{"line":149,"column":60}},"locations":[{"start":{"line":149,"column":33},"end":{"line":149,"column":60}}]},"26":{"type":"branch","line":150,"loc":{"start":{"line":150,"column":-1},"end":{"line":150,"column":32}},"locations":[{"start":{"line":150,"column":-1},"end":{"line":150,"column":32}}]},"27":{"type":"branch","line":150,"loc":{"start":{"line":150,"column":32},"end":{"line":151,"column":54}},"locations":[{"start":{"line":150,"column":32},"end":{"line":151,"column":54}}]}},"b":{"0":[1],"1":[2],"2":[1],"3":[2],"4":[1],"5":[1],"6":[2],"7":[4],"8":[1],"9":[2],"10":[1],"11":[2],"12":[1],"13":[7],"14":[6],"15":[1],"16":[6],"17":[0],"18":[6],"19":[1],"20":[5],"21":[1],"22":[4],"23":[1],"24":[3],"25":[1],"26":[2],"27":[1]},"fnMap":{"0":{"name":"renderError","decl":{"start":{"line":4,"column":20},"end":{"line":7,"column":1}},"loc":{"start":{"line":4,"column":20},"end":{"line":7,"column":1}},"line":4},"1":{"name":"validateEmail","decl":{"start":{"line":9,"column":22},"end":{"line":32,"column":1}},"loc":{"start":{"line":9,"column":22},"end":{"line":32,"column":1}},"line":9},"2":{"name":"validatePassword","decl":{"start":{"line":34,"column":25},"end":{"line":57,"column":1}},"loc":{"start":{"line":34,"column":25},"end":{"line":57,"column":1}},"line":34},"3":{"name":"matchPassword","decl":{"start":{"line":59,"column":22},"end":{"line":59,"column":92}},"loc":{"start":{"line":59,"column":22},"end":{"line":59,"column":92}},"line":59},"4":{"name":"findArrayDupes","decl":{"start":{"line":61,"column":23},"end":{"line":92,"column":1}},"loc":{"start":{"line":61,"column":23},"end":{"line":92,"column":1}},"line":61},"5":{"name":"camelCase","decl":{"start":{"line":94,"column":18},"end":{"line":94,"column":154}},"loc":{"start":{"line":94,"column":18},"end":{"line":94,"column":154}},"line":94},"6":{"name":"snakeCase","decl":{"start":{"line":96,"column":18},"end":{"line":96,"column":105}},"loc":{"start":{"line":96,"column":18},"end":{"line":96,"column":105}},"line":96},"7":{"name":"kebabCase","decl":{"start":{"line":98,"column":18},"end":{"line":98,"column":105}},"loc":{"start":{"line":98,"column":18},"end":{"line":98,"column":105}},"line":98},"8":{"name":"pascalCase","decl":{"start":{"line":100,"column":19},"end":{"line":100,"column":125}},"loc":{"start":{"line":100,"column":19},"end":{"line":100,"column":125}},"line":100},"9":{"name":"sqlCase","decl":{"start":{"line":102,"column":16},"end":{"line":102,"column":53}},"loc":{"start":{"line":102,"column":16},"end":{"line":102,"column":53}},"line":102},"10":{"name":"email","decl":{"start":{"line":104,"column":21},"end":{"line":117,"column":1}},"loc":{"start":{"line":104,"column":21},"end":{"line":117,"column":1}},"line":104},"11":{"name":"password","decl":{"start":{"line":119,"column":24},"end":{"line":130,"column":1}},"loc":{"start":{"line":119,"column":24},"end":{"line":130,"column":1}},"line":119},"12":{"name":"convertCase","decl":{"start":{"line":132,"column":27},"end":{"line":153,"column":1}},"loc":{"start":{"line":132,"column":27},"end":{"line":153,"column":1}},"line":132},"13":{"name":"array","decl":{"start":{"line":155,"column":21},"end":{"line":176,"column":1}},"loc":{"start":{"line":155,"column":21},"end":{"line":176,"column":1}},"line":155}},"f":{"0":2,"1":0,"2":0,"3":0,"4":0,"5":1,"6":2,"7":1,"8":1,"9":1,"10":0,"11":0,"12":7,"13":0}}
,"/Users/joshlevy/Desktop/regexbuddy/lib/defaultOptions.mjs": {"path":"/Users/joshlevy/Desktop/regexbuddy/lib/defaultOptions.mjs","all":false,"statementMap":{"0":{"start":{"line":1,"column":0},"end":{"line":1,"column":42}},"1":{"start":{"line":2,"column":0},"end":{"line":2,"column":9}},"2":{"start":{"line":3,"column":0},"end":{"line":3,"column":14}},"3":{"start":{"line":4,"column":0},"end":{"line":4,"column":36}},"4":{"start":{"line":5,"column":0},"end":{"line":5,"column":89}},"5":{"start":{"line":6,"column":0},"end":{"line":6,"column":4}},"6":{"start":{"line":7,"column":0},"end":{"line":7,"column":15}},"7":{"start":{"line":8,"column":0},"end":{"line":8,"column":37}},"8":{"start":{"line":9,"column":0},"end":{"line":9,"column":178}},"9":{"start":{"line":10,"column":0},"end":{"line":10,"column":3}},"10":{"start":{"line":11,"column":0},"end":{"line":11,"column":3}},"11":{"start":{"line":12,"column":0},"end":{"line":12,"column":1}},"12":{"start":{"line":13,"column":0},"end":{"line":13,"column":0}},"13":{"start":{"line":14,"column":0},"end":{"line":14,"column":45}},"14":{"start":{"line":15,"column":0},"end":{"line":15,"column":9}},"15":{"start":{"line":16,"column":0},"end":{"line":16,"column":14}},"16":{"start":{"line":17,"column":0},"end":{"line":17,"column":33}},"17":{"start":{"line":18,"column":0},"end":{"line":18,"column":68}},"18":{"start":{"line":19,"column":0},"end":{"line":19,"column":15}},"19":{"start":{"line":20,"column":0},"end":{"line":20,"column":4}},"20":{"start":{"line":21,"column":0},"end":{"line":21,"column":18}},"21":{"start":{"line":22,"column":0},"end":{"line":22,"column":40}},"22":{"start":{"line":23,"column":0},"end":{"line":23,"column":48}},"23":{"start":{"line":24,"column":0},"end":{"line":24,"column":15}},"24":{"start":{"line":25,"column":0},"end":{"line":25,"column":4}},"25":{"start":{"line":26,"column":0},"end":{"line":26,"column":28}},"26":{"start":{"line":27,"column":0},"end":{"line":27,"column":50}},"27":{"start":{"line":28,"column":0},"end":{"line":28,"column":59}},"28":{"start":{"line":29,"column":0},"end":{"line":29,"column":15}},"29":{"start":{"line":30,"column":0},"end":{"line":30,"column":4}},"30":{"start":{"line":31,"column":0},"end":{"line":31,"column":21}},"31":{"start":{"line":32,"column":0},"end":{"line":32,"column":43}},"32":{"start":{"line":33,"column":0},"end":{"line":33,"column":58}},"33":{"start":{"line":34,"column":0},"end":{"line":34,"column":15}},"34":{"start":{"line":35,"column":0},"end":{"line":35,"column":4}},"35":{"start":{"line":36,"column":0},"end":{"line":36,"column":21}},"36":{"start":{"line":37,"column":0},"end":{"line":37,"column":43}},"37":{"start":{"line":38,"column":0},"end":{"line":38,"column":58}},"38":{"start":{"line":39,"column":0},"end":{"line":39,"column":15}},"39":{"start":{"line":40,"column":0},"end":{"line":40,"column":3}},"40":{"start":{"line":41,"column":0},"end":{"line":41,"column":2}},"41":{"start":{"line":42,"column":0},"end":{"line":42,"column":1}},"42":{"start":{"line":43,"column":0},"end":{"line":43,"column":0}},"43":{"start":{"line":44,"column":0},"end":{"line":44,"column":41}},"44":{"start":{"line":45,"column":0},"end":{"line":45,"column":29}},"45":{"start":{"line":46,"column":0},"end":{"line":46,"column":1}},"46":{"start":{"line":47,"column":0},"end":{"line":47,"column":0}},"47":{"start":{"line":48,"column":0},"end":{"line":48,"column":42}},"48":{"start":{"line":49,"column":0},"end":{"line":49,"column":9}},"49":{"start":{"line":50,"column":0},"end":{"line":50,"column":32}},"50":{"start":{"line":51,"column":0},"end":{"line":51,"column":36}},"51":{"start":{"line":52,"column":0},"end":{"line":52,"column":42}},"52":{"start":{"line":53,"column":0},"end":{"line":53,"column":49}},"53":{"start":{"line":54,"column":0},"end":{"line":54,"column":3}},"54":{"start":{"line":55,"column":0},"end":{"line":55,"column":1}}},"s":{"0":1,"1":0,"2":0,"3":0,"4":0,"5":0,"6":0,"7":0,"8":0,"9":0,"10":0,"11":0,"12":1,"13":1,"14":0,"15":0,"16":0,"17":0,"18":0,"19":0,"20":0,"21":0,"22":0,"23":0,"24":0,"25":0,"26":0,"27":0,"28":0,"29":0,"30":0,"31":0,"32":0,"33":0,"34":0,"35":0,"36":0,"37":0,"38":0,"39":0,"40":0,"41":0,"42":1,"43":1,"44":0,"45":0,"46":1,"47":1,"48":0,"49":0,"50":0,"51":0,"52":0,"53":0,"54":0},"branchMap":{"0":{"type":"branch","line":1,"loc":{"start":{"line":1,"column":0},"end":{"line":55,"column":1}},"locations":[{"start":{"line":1,"column":0},"end":{"line":55,"column":1}}]}},"b":{"0":[1]},"fnMap":{"0":{"name":"emailOptions","decl":{"start":{"line":1,"column":28},"end":{"line":12,"column":1}},"loc":{"start":{"line":1,"column":28},"end":{"line":12,"column":1}},"line":1},"1":{"name":"passwordOptions","decl":{"start":{"line":14,"column":31},"end":{"line":42,"column":1}},"loc":{"start":{"line":14,"column":31},"end":{"line":42,"column":1}},"line":14},"2":{"name":"caseOptions","decl":{"start":{"line":44,"column":27},"end":{"line":46,"column":1}},"loc":{"start":{"line":44,"column":27},"end":{"line":46,"column":1}},"line":44},"3":{"name":"arrayOptions","decl":{"start":{"line":48,"column":28},"end":{"line":55,"column":1}},"loc":{"start":{"line":48,"column":28},"end":{"line":55,"column":1}},"line":48}},"f":{"0":0,"1":0,"2":0,"3":0}}
,"/Users/joshlevy/Desktop/regexbuddy/lib/expressions.mjs": {"path":"/Users/joshlevy/Desktop/regexbuddy/lib/expressions.mjs","all":false,"statementMap":{"0":{"start":{"line":1,"column":0},"end":{"line":1,"column":33}},"1":{"start":{"line":2,"column":0},"end":{"line":2,"column":9}},"2":{"start":{"line":3,"column":0},"end":{"line":3,"column":51}},"3":{"start":{"line":4,"column":0},"end":{"line":4,"column":36}},"4":{"start":{"line":5,"column":0},"end":{"line":5,"column":37}},"5":{"start":{"line":6,"column":0},"end":{"line":6,"column":2}},"6":{"start":{"line":7,"column":0},"end":{"line":7,"column":1}},"7":{"start":{"line":8,"column":0},"end":{"line":8,"column":0}},"8":{"start":{"line":9,"column":0},"end":{"line":9,"column":25}},"9":{"start":{"line":10,"column":0},"end":{"line":10,"column":40}},"10":{"start":{"line":11,"column":0},"end":{"line":11,"column":53}},"11":{"start":{"line":12,"column":0},"end":{"line":12,"column":41}},"12":{"start":{"line":13,"column":0},"end":{"line":13,"column":41}},"13":{"start":{"line":14,"column":0},"end":{"line":14,"column":1}},"14":{"start":{"line":15,"column":0},"end":{"line":15,"column":0}},"15":{"start":{"line":16,"column":0},"end":{"line":16,"column":50}},"16":{"start":{"line":17,"column":0},"end":{"line":17,"column":19}},"17":{"start":{"line":18,"column":0},"end":{"line":18,"column":109}},"18":{"start":{"line":19,"column":0},"end":{"line":19,"column":99}},"19":{"start":{"line":20,"column":0},"end":{"line":20,"column":105}},"20":{"start":{"line":21,"column":0},"end":{"line":21,"column":95}},"21":{"start":{"line":22,"column":0},"end":{"line":22,"column":22}},"22":{"start":{"line":23,"column":0},"end":{"line":23,"column":1}},"23":{"start":{"line":24,"column":0},"end":{"line":24,"column":0}},"24":{"start":{"line":25,"column":0},"end":{"line":25,"column":22}},"25":{"start":{"line":26,"column":0},"end":{"line":26,"column":31}},"26":{"start":{"line":27,"column":0},"end":{"line":27,"column":31}},"27":{"start":{"line":28,"column":0},"end":{"line":28,"column":42}},"28":{"start":{"line":29,"column":0},"end":{"line":29,"column":30}},"29":{"start":{"line":30,"column":0},"end":{"line":30,"column":89}},"30":{"start":{"line":31,"column":0},"end":{"line":31,"column":89}},"31":{"start":{"line":32,"column":0},"end":{"line":32,"column":1}}},"s":{"0":1,"1":0,"2":0,"3":0,"4":0,"5":0,"6":0,"7":1,"8":1,"9":1,"10":1,"11":1,"12":1,"13":1,"14":1,"15":1,"16":0,"17":0,"18":0,"19":0,"20":0,"21":0,"22":0,"23":1,"24":1,"25":1,"26":1,"27":1,"28":1,"29":1,"30":1,"31":1},"branchMap":{"0":{"type":"branch","line":1,"loc":{"start":{"line":1,"column":0},"end":{"line":32,"column":1}},"locations":[{"start":{"line":1,"column":0},"end":{"line":32,"column":1}}]}},"b":{"0":[1]},"fnMap":{"0":{"name":"email","decl":{"start":{"line":1,"column":21},"end":{"line":7,"column":1}},"loc":{"start":{"line":1,"column":21},"end":{"line":7,"column":1}},"line":1},"1":{"name":"array","decl":{"start":{"line":16,"column":21},"end":{"line":23,"column":1}},"loc":{"start":{"line":16,"column":21},"end":{"line":23,"column":1}},"line":16}},"f":{"0":0,"1":0}}
}
