TN:
SF:bin/index.mjs
FN:4,renderError
FN:11,validateEmail
FN:46,validatePassword
FN:71,matchPassword
FN:73,findArrayDupes
FN:106,camelCase
FN:108,snakeCase
FN:110,kebabCase
FN:112,pascalCase
FN:114,sqlCase
FN:116,email
FN:118,validate
FN:131,password
FN:144,convertCase
FN:167,array
FNF:15
FNH:10
FNDA:2,renderError
FNDA:10,validateEmail
FNDA:0,validatePassword
FNDA:0,matchPassword
FNDA:0,findArrayDupes
FNDA:2,camelCase
FNDA:4,snakeCase
FNDA:2,kebabCase
FNDA:2,pascalCase
FNDA:2,sqlCase
FNDA:10,email
FNDA:10,validate
FNDA:0,password
FNDA:8,convertCase
FNDA:0,array
DA:1,2
DA:2,2
DA:3,2
DA:4,2
DA:5,2
DA:6,2
DA:7,2
DA:8,2
DA:9,2
DA:10,2
DA:11,2
DA:12,10
DA:13,10
DA:14,10
DA:15,10
DA:16,10
DA:17,10
DA:18,5
DA:19,5
DA:20,5
DA:21,5
DA:22,5
DA:23,5
DA:24,3
DA:25,3
DA:26,1
DA:27,3
DA:28,2
DA:29,1
DA:30,1
DA:31,1
DA:32,1
DA:33,2
DA:34,5
DA:35,2
DA:36,2
DA:37,2
DA:38,5
DA:39,5
DA:40,10
DA:41,10
DA:42,10
DA:43,10
DA:44,10
DA:45,2
DA:46,2
DA:47,0
DA:48,0
DA:49,0
DA:50,0
DA:51,0
DA:52,0
DA:53,0
DA:54,0
DA:55,0
DA:56,0
DA:57,0
DA:58,0
DA:59,0
DA:60,0
DA:61,0
DA:62,0
DA:63,0
DA:64,0
DA:65,0
DA:66,0
DA:67,0
DA:68,0
DA:69,0
DA:70,2
DA:71,2
DA:72,2
DA:73,2
DA:74,0
DA:75,0
DA:76,0
DA:77,0
DA:78,0
DA:79,0
DA:80,0
DA:81,0
DA:82,0
DA:83,0
DA:84,0
DA:85,0
DA:86,0
DA:87,0
DA:88,0
DA:89,0
DA:90,0
DA:91,0
DA:92,0
DA:93,0
DA:94,0
DA:95,0
DA:96,0
DA:97,0
DA:98,0
DA:99,0
DA:100,0
DA:101,0
DA:102,0
DA:103,0
DA:104,0
DA:105,2
DA:106,2
DA:107,2
DA:108,2
DA:109,2
DA:110,2
DA:111,2
DA:112,2
DA:113,2
DA:114,2
DA:115,2
DA:116,2
DA:117,10
DA:118,10
DA:119,10
DA:120,1
DA:121,10
DA:122,9
DA:123,9
DA:124,9
DA:125,10
DA:126,10
DA:127,10
DA:128,10
DA:129,10
DA:130,2
DA:131,2
DA:132,0
DA:133,0
DA:134,0
DA:135,0
DA:136,0
DA:137,0
DA:138,0
DA:139,0
DA:140,0
DA:141,0
DA:142,0
DA:143,2
DA:144,2
DA:145,8
DA:146,8
DA:147,1
DA:148,1
DA:149,1
DA:150,1
DA:151,1
DA:152,1
DA:153,1
DA:154,1
DA:155,8
DA:156,6
DA:157,6
DA:158,6
DA:159,6
DA:160,6
DA:161,6
DA:162,6
DA:163,1
DA:164,6
DA:165,8
DA:166,2
DA:167,2
DA:168,0
DA:169,0
DA:170,0
DA:171,0
DA:172,0
DA:173,0
DA:174,0
DA:175,0
DA:176,0
DA:177,0
DA:178,0
DA:179,0
DA:180,0
DA:181,0
DA:182,0
DA:183,0
DA:184,0
DA:185,0
DA:186,0
DA:187,0
DA:188,0
LF:188
LH:102
BRDA:1,0,0,2
BRDA:4,1,0,2
BRDA:11,2,0,10
BRDA:14,3,0,9
BRDA:14,4,0,1
BRDA:15,5,0,9
BRDA:15,6,0,2
BRDA:15,7,0,1
BRDA:16,8,0,3
BRDA:17,9,0,7
BRDA:17,10,0,5
BRDA:21,11,0,3
BRDA:21,12,0,2
BRDA:22,13,0,3
BRDA:22,14,0,2
BRDA:23,15,0,3
BRDA:25,16,0,1
BRDA:27,17,0,2
BRDA:28,18,0,1
BRDA:34,19,0,2
BRDA:36,20,0,1
BRDA:36,21,0,1
BRDA:42,22,0,4
BRDA:42,23,0,6
BRDA:24,24,0,4
BRDA:24,25,0,4
BRDA:35,26,0,2
BRDA:35,27,0,2
BRDA:106,28,0,2
BRDA:106,29,0,4
BRDA:106,30,0,2
BRDA:106,31,0,2
BRDA:108,32,0,4
BRDA:108,33,0,8
BRDA:110,34,0,2
BRDA:110,35,0,4
BRDA:112,36,0,2
BRDA:112,37,0,4
BRDA:114,38,0,2
BRDA:116,39,0,10
BRDA:118,40,0,10
BRDA:119,41,0,9
BRDA:119,42,0,1
BRDA:121,43,0,9
BRDA:122,44,0,3
BRDA:122,45,0,1
BRDA:123,46,0,3
BRDA:123,47,0,1
BRDA:144,48,0,8
BRDA:145,49,0,7
BRDA:145,50,0,1
BRDA:146,51,0,7
BRDA:146,52,0,1
BRDA:155,53,0,6
BRDA:158,54,0,1
BRDA:159,55,0,5
BRDA:159,56,0,1
BRDA:160,57,0,4
BRDA:160,58,0,1
BRDA:161,59,0,3
BRDA:161,60,0,1
BRDA:162,61,0,2
BRDA:162,62,0,1
BRF:63
BRH:63
end_of_record
TN:
SF:lib/defaultOptions.mjs
FN:1,emailOptions
FN:8,passwordOptions
FN:38,caseOptions
FN:42,arrayOptions
FNF:4
FNH:1
FNDA:10,emailOptions
FNDA:0,passwordOptions
FNDA:0,caseOptions
FNDA:0,arrayOptions
DA:1,2
DA:2,10
DA:3,10
DA:4,10
DA:5,10
DA:6,10
DA:7,2
DA:8,2
DA:9,0
DA:10,0
DA:11,0
DA:12,0
DA:13,0
DA:14,0
DA:15,0
DA:16,0
DA:17,0
DA:18,0
DA:19,0
DA:20,0
DA:21,0
DA:22,0
DA:23,0
DA:24,0
DA:25,0
DA:26,0
DA:27,0
DA:28,0
DA:29,0
DA:30,0
DA:31,0
DA:32,0
DA:33,0
DA:34,0
DA:35,0
DA:36,0
DA:37,2
DA:38,2
DA:39,0
DA:40,0
DA:41,2
DA:42,2
DA:43,0
DA:44,0
DA:45,0
DA:46,0
DA:47,0
DA:48,0
DA:49,0
LF:49
LH:12
BRDA:1,0,0,2
BRDA:1,1,0,10
BRDA:3,2,0,7
BRDA:4,3,0,7
BRF:4
BRH:4
end_of_record
TN:
SF:lib/expressions.mjs
FN:1,email
FN:16,array
FNF:2
FNH:1
FNDA:26,email
FNDA:0,array
DA:1,2
DA:2,26
DA:3,26
DA:4,26
DA:5,26
DA:6,26
DA:7,26
DA:8,2
DA:9,2
DA:10,2
DA:11,2
DA:12,2
DA:13,2
DA:14,2
DA:15,2
DA:16,2
DA:17,0
DA:18,0
DA:19,0
DA:20,0
DA:21,0
DA:22,0
DA:23,0
DA:24,2
DA:25,2
DA:26,2
DA:27,2
DA:28,2
DA:29,2
DA:30,2
DA:31,2
DA:32,2
LF:32
LH:25
BRDA:1,0,0,2
BRDA:1,1,0,26
BRF:2
BRH:2
end_of_record
