TN:
SF:bin/index.mjs
FN:4,renderError
FN:9,validateEmail
FN:34,validatePassword
FN:59,matchPassword
FN:61,findArrayDupes
FN:94,camelCase
FN:96,snakeCase
FN:98,kebabCase
FN:100,pascalCase
FN:102,sqlCase
FN:104,email
FN:119,password
FN:132,convertCase
FN:155,array
FNF:14
FNH:7
FNDA:2,renderError
FNDA:0,validateEmail
FNDA:0,validatePassword
FNDA:0,matchPassword
FNDA:0,findArrayDupes
FNDA:1,camelCase
FNDA:2,snakeCase
FNDA:1,kebabCase
FNDA:1,pascalCase
FNDA:1,sqlCase
FNDA:0,email
FNDA:0,password
FNDA:7,convertCase
FNDA:0,array
DA:1,1
DA:2,1
DA:3,1
DA:4,1
DA:5,2
DA:6,2
DA:7,2
DA:8,1
DA:9,1
DA:10,0
DA:11,0
DA:12,0
DA:13,0
DA:14,0
DA:15,0
DA:16,0
DA:17,0
DA:18,0
DA:19,0
DA:20,0
DA:21,0
DA:22,0
DA:23,0
DA:24,0
DA:25,0
DA:26,0
DA:27,0
DA:28,0
DA:29,0
DA:30,0
DA:31,0
DA:32,0
DA:33,1
DA:34,1
DA:35,0
DA:36,0
DA:37,0
DA:38,0
DA:39,0
DA:40,0
DA:41,0
DA:42,0
DA:43,0
DA:44,0
DA:45,0
DA:46,0
DA:47,0
DA:48,0
DA:49,0
DA:50,0
DA:51,0
DA:52,0
DA:53,0
DA:54,0
DA:55,0
DA:56,0
DA:57,0
DA:58,1
DA:59,1
DA:60,1
DA:61,1
DA:62,0
DA:63,0
DA:64,0
DA:65,0
DA:66,0
DA:67,0
DA:68,0
DA:69,0
DA:70,0
DA:71,0
DA:72,0
DA:73,0
DA:74,0
DA:75,0
DA:76,0
DA:77,0
DA:78,0
DA:79,0
DA:80,0
DA:81,0
DA:82,0
DA:83,0
DA:84,0
DA:85,0
DA:86,0
DA:87,0
DA:88,0
DA:89,0
DA:90,0
DA:91,0
DA:92,0
DA:93,1
DA:94,1
DA:95,1
DA:96,1
DA:97,1
DA:98,1
DA:99,1
DA:100,1
DA:101,1
DA:102,1
DA:103,1
DA:104,1
DA:105,0
DA:106,0
DA:107,0
DA:108,0
DA:109,0
DA:110,0
DA:111,0
DA:112,0
DA:113,0
DA:114,0
DA:115,0
DA:116,0
DA:117,0
DA:118,1
DA:119,1
DA:120,0
DA:121,0
DA:122,0
DA:123,0
DA:124,0
DA:125,0
DA:126,0
DA:127,0
DA:128,0
DA:129,0
DA:130,0
DA:131,1
DA:132,1
DA:133,7
DA:134,7
DA:135,0
DA:136,0
DA:137,0
DA:138,0
DA:139,0
DA:140,0
DA:141,0
DA:142,0
DA:143,7
DA:144,6
DA:145,6
DA:146,6
DA:147,6
DA:148,6
DA:149,6
DA:150,6
DA:151,1
DA:152,6
DA:153,7
DA:154,1
DA:155,1
DA:156,0
DA:157,0
DA:158,0
DA:159,0
DA:160,0
DA:161,0
DA:162,0
DA:163,0
DA:164,0
DA:165,0
DA:166,0
DA:167,0
DA:168,0
DA:169,0
DA:170,0
DA:171,0
DA:172,0
DA:173,0
DA:174,0
DA:175,0
DA:176,0
LF:176
LH:46
BRDA:1,0,0,1
BRDA:4,1,0,2
BRDA:94,2,0,1
BRDA:94,3,0,2
BRDA:94,4,0,1
BRDA:94,5,0,1
BRDA:96,6,0,2
BRDA:96,7,0,4
BRDA:98,8,0,1
BRDA:98,9,0,2
BRDA:100,10,0,1
BRDA:100,11,0,2
BRDA:102,12,0,1
BRDA:132,13,0,7
BRDA:133,14,0,6
BRDA:133,15,0,1
BRDA:134,16,0,6
BRDA:134,17,0,0
BRDA:143,18,0,6
BRDA:146,19,0,1
BRDA:147,20,0,5
BRDA:147,21,0,1
BRDA:148,22,0,4
BRDA:148,23,0,1
BRDA:149,24,0,3
BRDA:149,25,0,1
BRDA:150,26,0,2
BRDA:150,27,0,1
BRF:28
BRH:27
end_of_record
TN:
SF:lib/defaultOptions.mjs
FN:1,emailOptions
FN:14,passwordOptions
FN:44,caseOptions
FN:48,arrayOptions
FNF:4
FNH:0
FNDA:0,emailOptions
FNDA:0,passwordOptions
FNDA:0,caseOptions
FNDA:0,arrayOptions
DA:1,1
DA:2,0
DA:3,0
DA:4,0
DA:5,0
DA:6,0
DA:7,0
DA:8,0
DA:9,0
DA:10,0
DA:11,0
DA:12,0
DA:13,1
DA:14,1
DA:15,0
DA:16,0
DA:17,0
DA:18,0
DA:19,0
DA:20,0
DA:21,0
DA:22,0
DA:23,0
DA:24,0
DA:25,0
DA:26,0
DA:27,0
DA:28,0
DA:29,0
DA:30,0
DA:31,0
DA:32,0
DA:33,0
DA:34,0
DA:35,0
DA:36,0
DA:37,0
DA:38,0
DA:39,0
DA:40,0
DA:41,0
DA:42,0
DA:43,1
DA:44,1
DA:45,0
DA:46,0
DA:47,1
DA:48,1
DA:49,0
DA:50,0
DA:51,0
DA:52,0
DA:53,0
DA:54,0
DA:55,0
LF:55
LH:7
BRDA:1,0,0,1
BRF:1
BRH:1
end_of_record
TN:
SF:lib/expressions.mjs
FN:1,email
FN:16,array
FNF:2
FNH:0
FNDA:0,email
FNDA:0,array
DA:1,1
DA:2,0
DA:3,0
DA:4,0
DA:5,0
DA:6,0
DA:7,0
DA:8,1
DA:9,1
DA:10,1
DA:11,1
DA:12,1
DA:13,1
DA:14,1
DA:15,1
DA:16,1
DA:17,0
DA:18,0
DA:19,0
DA:20,0
DA:21,0
DA:22,0
DA:23,0
DA:24,1
DA:25,1
DA:26,1
DA:27,1
DA:28,1
DA:29,1
DA:30,1
DA:31,1
DA:32,1
LF:32
LH:19
BRDA:1,0,0,1
BRF:1
BRH:1
end_of_record
